
> @lightmind/ui@0.1.0 build
> tsup

CLI Building entry: src/index.ts
CLI Using tsconfig: tsconfig.json
CLI tsup v8.5.0
CLI Using tsup config: /mnt/c/Users/HaydenGreener/Documents/GitHub/lightmind-ui-framework/packages/ui/tsup.config.ts
CLI Target: es2020
CLI Cleaning output folder
CJS Build start
ESM Build start
CJS dist/index.js     58.02 KB
CJS dist/index.js.map 85.70 KB
CJS ⚡️ Build success in 123ms
ESM dist/index.mjs     48.80 KB
ESM dist/index.mjs.map 82.13 KB
ESM ⚡️ Build success in 124ms
DTS Build start
DTS ⚡️ Build success in 5676ms
DTS dist/index.d.ts  20.82 KB
DTS dist/index.d.mts 20.82 KB
